<?xml version="1.0" encoding="utf-8"?><testsuites name="pytest tests"><testsuite name="pytest" errors="0" failures="0" skipped="0" tests="31" time="8.633" timestamp="2026-04-27T15:30:47.381476+00:00" hostname="agent-env-42e5b29c-4650-4cb9-ad98-11cd45798a7a"><testcase classname="backend.tests.test_glasswork_backend.TestAuth" name="test_login_admin" time="0.387" /><testcase classname="backend.tests.test_glasswork_backend.TestAuth" name="test_login_worker" time="0.347" /><testcase classname="backend.tests.test_glasswork_backend.TestAuth" name="test_login_bad_password" time="0.365" /><testcase classname="backend.tests.test_glasswork_backend.TestAuth" name="test_me_endpoint" time="0.115" /><testcase classname="backend.tests.test_glasswork_backend.TestAuth" name="test_me_unauthenticated" time="0.114" /><testcase classname="backend.tests.test_glasswork_backend.TestAuth" name="test_refresh_token" time="0.129" /><testcase classname="backend.tests.test_glasswork_backend.TestProjects" name="test_admin_sees_all_projects_with_budget" time="0.117" /><testcase classname="backend.tests.test_glasswork_backend.TestProjects" name="test_worker_projects_stripped" time="0.116" /><testcase classname="backend.tests.test_glasswork_backend.TestProjects" name="test_project_detail_admin" time="0.230" /><testcase classname="backend.tests.test_glasswork_backend.TestMaterials" name="test_admin_materials_count" time="0.114" /><testcase classname="backend.tests.test_glasswork_backend.TestMaterials" name="test_worker_materials_unit_price_hidden" time="0.124" /><testcase classname="backend.tests.test_glasswork_backend.TestMaterials" name="test_materials_filter_by_category" time="0.103" /><testcase classname="backend.tests.test_glasswork_backend.TestMaterialEntries" name="test_create_material_entry_admin" time="0.391" /><testcase classname="backend.tests.test_glasswork_backend.TestMaterialEntries" name="test_worker_material_entry_no_cost" time="0.438" /><testcase classname="backend.tests.test_glasswork_backend.TestMaterialEntries" name="test_list_material_entries" time="0.234" /><testcase classname="backend.tests.test_glasswork_backend.TestDailyLogs" name="test_create_log_short_description_fails" time="0.217" /><testcase classname="backend.tests.test_glasswork_backend.TestDailyLogs" name="test_create_log_success_pending" time="0.236" /><testcase classname="backend.tests.test_glasswork_backend.TestDailyLogs" name="test_worker_cannot_review" time="0.131" /><testcase classname="backend.tests.test_glasswork_backend.TestDailyLogs" name="test_manager_review_approve" time="0.103" /><testcase classname="backend.tests.test_glasswork_backend.TestDailyLogs" name="test_log_with_incident_creates_alert" time="2.548" /><testcase classname="backend.tests.test_glasswork_backend.TestPhotos" name="test_create_photo" time="0.217" /><testcase classname="backend.tests.test_glasswork_backend.TestPhotos" name="test_list_photos" time="0.264" /><testcase classname="backend.tests.test_glasswork_backend.TestDashboard" name="test_dashboard_admin" time="0.121" /><testcase classname="backend.tests.test_glasswork_backend.TestDashboard" name="test_dashboard_worker_forbidden" time="0.139" /><testcase classname="backend.tests.test_glasswork_backend.TestAlerts" name="test_list_alerts" time="0.125" /><testcase classname="backend.tests.test_glasswork_backend.TestAlerts" name="test_mark_alert_read" time="0.234" /><testcase classname="backend.tests.test_glasswork_backend.TestUsers" name="test_list_users_admin_enriched" time="0.239" /><testcase classname="backend.tests.test_glasswork_backend.TestUsers" name="test_worker_cannot_create_user" time="0.124" /><testcase classname="backend.tests.test_glasswork_backend.TestUsers" name="test_admin_can_create_user" time="0.342" /><testcase classname="backend.tests.test_glasswork_backend.TestReports" name="test_list_weekly_reports" time="0.115" /><testcase classname="backend.tests.test_glasswork_backend.TestReports" name="test_generate_weekly_report" time="0.122" /></testsuite></testsuites>