<?xml version="1.0" encoding="utf-8"?><testsuites name="pytest tests"><testsuite name="pytest" errors="0" failures="0" skipped="0" tests="49" time="12.067" timestamp="2026-04-28T16:42:11.448102+00:00" hostname="agent-env-42e5b29c-4650-4cb9-ad98-11cd45798a7a"><testcase classname="backend.tests.test_glasswork_backend.TestAuth" name="test_login_admin" time="0.551" /><testcase classname="backend.tests.test_glasswork_backend.TestAuth" name="test_login_worker" time="0.383" /><testcase classname="backend.tests.test_glasswork_backend.TestAuth" name="test_login_bad_password" time="0.348" /><testcase classname="backend.tests.test_glasswork_backend.TestAuth" name="test_me_endpoint" time="0.171" /><testcase classname="backend.tests.test_glasswork_backend.TestAuth" name="test_me_unauthenticated" time="0.164" /><testcase classname="backend.tests.test_glasswork_backend.TestAuth" name="test_refresh_token" time="0.113" /><testcase classname="backend.tests.test_glasswork_backend.TestProjects" name="test_admin_sees_all_projects_with_budget" time="0.172" /><testcase classname="backend.tests.test_glasswork_backend.TestProjects" name="test_worker_projects_stripped" time="0.127" /><testcase classname="backend.tests.test_glasswork_backend.TestProjects" name="test_project_detail_admin" time="0.297" /><testcase classname="backend.tests.test_glasswork_backend.TestMaterials" name="test_admin_materials_count" time="0.151" /><testcase classname="backend.tests.test_glasswork_backend.TestMaterials" name="test_worker_materials_unit_price_hidden" time="0.108" /><testcase classname="backend.tests.test_glasswork_backend.TestMaterials" name="test_materials_filter_by_category" time="0.132" /><testcase classname="backend.tests.test_glasswork_backend.TestMaterialEntries" name="test_create_material_entry_admin" time="0.368" /><testcase classname="backend.tests.test_glasswork_backend.TestMaterialEntries" name="test_worker_material_entry_no_cost" time="0.466" /><testcase classname="backend.tests.test_glasswork_backend.TestMaterialEntries" name="test_list_material_entries" time="0.296" /><testcase classname="backend.tests.test_glasswork_backend.TestDailyLogs" name="test_create_log_short_description_fails" time="0.230" /><testcase classname="backend.tests.test_glasswork_backend.TestDailyLogs" name="test_create_log_success_pending" time="0.242" /><testcase classname="backend.tests.test_glasswork_backend.TestDailyLogs" name="test_worker_cannot_review" time="0.113" /><testcase classname="backend.tests.test_glasswork_backend.TestDailyLogs" name="test_manager_review_approve" time="0.183" /><testcase classname="backend.tests.test_glasswork_backend.TestDailyLogs" name="test_log_with_incident_creates_alert" time="0.509" /><testcase classname="backend.tests.test_glasswork_backend.TestPhotos" name="test_create_photo" time="0.559" /><testcase classname="backend.tests.test_glasswork_backend.TestPhotos" name="test_list_photos" time="0.332" /><testcase classname="backend.tests.test_glasswork_backend.TestDashboard" name="test_dashboard_admin" time="0.154" /><testcase classname="backend.tests.test_glasswork_backend.TestDashboard" name="test_dashboard_worker_forbidden" time="0.134" /><testcase classname="backend.tests.test_glasswork_backend.TestAlerts" name="test_list_alerts" time="0.123" /><testcase classname="backend.tests.test_glasswork_backend.TestAlerts" name="test_mark_alert_read" time="0.258" /><testcase classname="backend.tests.test_glasswork_backend.TestUsers" name="test_list_users_admin_enriched" time="0.120" /><testcase classname="backend.tests.test_glasswork_backend.TestUsers" name="test_worker_cannot_create_user" time="0.104" /><testcase classname="backend.tests.test_glasswork_backend.TestUsers" name="test_admin_can_create_user" time="0.341" /><testcase classname="backend.tests.test_glasswork_backend.TestReports" name="test_list_weekly_reports" time="0.141" /><testcase classname="backend.tests.test_glasswork_backend.TestReports" name="test_generate_weekly_report" time="0.116" /><testcase classname="backend.tests.test_iteration2_features.TestCompany" name="test_get_company_admin" time="0.137" /><testcase classname="backend.tests.test_iteration2_features.TestCompany" name="test_get_company_worker" time="0.108" /><testcase classname="backend.tests.test_iteration2_features.TestCompany" name="test_patch_company_admin" time="0.270" /><testcase classname="backend.tests.test_iteration2_features.TestCompany" name="test_patch_company_worker_forbidden" time="0.124" /><testcase classname="backend.tests.test_iteration2_features.TestProfile" name="test_patch_profile_admin" time="0.450" /><testcase classname="backend.tests.test_iteration2_features.TestProfile" name="test_patch_profile_worker" time="0.344" /><testcase classname="backend.tests.test_iteration2_features.TestProfile" name="test_patch_profile_unauthenticated" time="0.468" /><testcase classname="backend.tests.test_iteration2_features.TestGDPR" name="test_export_admin" time="0.236" /><testcase classname="backend.tests.test_iteration2_features.TestGDPR" name="test_export_worker_allowed" time="0.173" /><testcase classname="backend.tests.test_iteration2_features.TestForgotPassword" name="test_existing_email" time="0.179" /><testcase classname="backend.tests.test_iteration2_features.TestForgotPassword" name="test_unknown_email_same_response" time="0.347" /><testcase classname="backend.tests.test_iteration2_features.TestReportFiles" name="test_pdf_admin" time="0.284" /><testcase classname="backend.tests.test_iteration2_features.TestReportFiles" name="test_pdf_worker_forbidden" time="0.266" /><testcase classname="backend.tests.test_iteration2_features.TestReportFiles" name="test_excel_admin" time="0.261" /><testcase classname="backend.tests.test_iteration2_features.TestReportFiles" name="test_excel_worker_forbidden" time="0.260" /><testcase classname="backend.tests.test_iteration2_features.TestReportFiles" name="test_pdf_not_found" time="0.134" /><testcase classname="backend.tests.test_iteration2_features.TestMaterialCreate" name="test_admin_can_create_material" time="0.359" /><testcase classname="backend.tests.test_iteration2_features.TestMaterialCreate" name="test_worker_cannot_create_material" time="0.109" /></testsuite></testsuites>